[debug] > Exec(early(addDefaultCommands), None, None)
[debug] > Exec(addDefaultCommands, None, None)
[debug] > Exec(early(initialize), None, None)
[debug] > Exec(initialize, None, None)
[debug] > Exec(early(addPluginSbtFile="""C:\Users\salaz\AppData\Local\Temp\idea1.sbt"""), None, None)
[debug] > Exec(addPluginSbtFile="""C:\Users\salaz\AppData\Local\Temp\idea1.sbt""", None, None)
[debug] > Exec(boot, None, None)
[debug] > Exec(writeSbtVersion, None, None)
[debug] > Exec(reload, None, None)
[debug] > Exec(sbtStashOnFailure, None, None)
[debug] > Exec(onFailure loadFailed, None, None)
[debug] > Exec(loadp, None, None)
[info] welcome to sbt 1.10.7 (Oracle Corporation Java 11.0.1)
[debug]       Load.loadUnit: plugins took 150.6071ms
[debug]       Load.loadUnit: defsScala took 0.4507ms
[debug] [Loading] Scanning directory C:\Users\salaz\.sbt\1.0\plugins
[debug] [Loading] Found non-root projects 
[debug] [Loading] Done in C:\Users\salaz\.sbt\1.0\plugins, returning: ()
[debug] deducing auto plugins based on known facts Set(Atom(sbt.plugins.CorePlugin)) and clauses Clauses(Clause(Atom(sbt.plugins.JvmPlugin),Set(Atom(sbt.plugins.IvyPlugin)))
[debug] Clause(Atom(sbt.ScriptedPlugin),Set(Atom(sbt.plugins.JvmPlugin)))
[debug] Clause(Atom(sbt.plugins.SbtPlugin),Set(Atom(sbt.ScriptedPlugin)))
[debug] Clause(Atom(sbt.plugins.SemanticdbPlugin),Set(Atom(sbt.plugins.JvmPlugin)))
[debug] Clause(Atom(sbt.plugins.JUnitXmlReportPlugin),Set(Atom(sbt.plugins.JvmPlugin)))
[debug] Clause(Atom(sbt.plugins.MiniDependencyTreePlugin),Set(Atom(sbt.plugins.JvmPlugin)))
[debug] Clause(Atom(sbt.plugins.CorePlugin),Set(Atom(sbt.plugins.IvyPlugin)))
[debug] Clause(Atom(sbt.plugins.IvyPlugin),Set(Atom(sbt.plugins.JvmPlugin)))
[debug] Clause(Atom(sbt.plugins.JvmPlugin),Set(Atom(sbt.plugins.SemanticdbPlugin)))
[debug] Clause(Atom(sbt.plugins.JvmPlugin),Set(Atom(sbt.plugins.JUnitXmlReportPlugin)))
[debug] Clause(Atom(sbt.plugins.CorePlugin),Set(Atom(sbt.plugins.Giter8TemplatePlugin)))
[debug] Clause(Atom(sbt.plugins.JvmPlugin),Set(Atom(sbt.plugins.MiniDependencyTreePlugin))))
[debug]   :: deduced result: Matched(sbt.plugins.CorePlugin,sbt.plugins.Giter8TemplatePlugin,sbt.plugins.IvyPlugin,sbt.plugins.JvmPlugin,sbt.plugins.MiniDependencyTreePlugin,sbt.plugins.JUnitXmlReportPlugin,sbt.plugins.SemanticdbPlugin)
[debug] Plugins.deducer#function took 24.532 ms
[debug]           Load.resolveProject(global-plugins) took 50.6027ms
[debug]         Load.loadTransitive: finalizeProject(Project(id global-plugins, base: C:\Users\salaz\.sbt\1.0\plugins, plugins: List(<none>))) took 104.3553ms
[debug] [Loading] Done in C:\Users\salaz\.sbt\1.0\plugins, returning: (global-plugins)
[debug]       Load.loadUnit: loadedProjectsRaw took 134.5276ms
[debug]       Load.loadUnit: cleanEvalClasses took 0.2521ms
[debug]     Load.loadUnit(file:/C:/Users/salaz/.sbt/1.0/plugins/, ...) took 296.8532ms
[debug]   Load.apply: load took 513.3026ms
[debug]   Load.apply: resolveProjects took 6.3781ms
[debug]   Load.apply: finalTransforms took 59.5228ms
[debug]   Load.apply: config.delegates took 6.7211ms
[debug]   Load.apply: Def.make(settings)... took 416.6892ms
[debug]   Load.apply: structureIndex took 96.5408ms
[debug]   Load.apply: mkStreams took 2.0292ms
[info] loading global plugins from C:\Users\salaz\.sbt\1.0\plugins
[debug] Running task... Cancel: Signal, check cycles: false, forcegc: true
[debug] Load.defaultLoad until apply took 2501.1795ms
[debug]           Load.loadUnit: plugins took 24.9213ms
[debug]           Load.loadUnit: defsScala took 0.0082ms
[debug] [Loading] Scanning directory C:\Users\salaz\Desktop\OPALExample\project
[debug]             Load.loadUnit: mkEval took 11.2761ms
[debug] [Loading] Found non-root projects 
[debug] [Loading] Done in C:\Users\salaz\Desktop\OPALExample\project, returning: ()
[debug] deducing auto plugins based on known facts Set(Atom(sbt.plugins.CorePlugin)) and clauses Clauses(Clause(Atom(sbt.plugins.JvmPlugin),Set(Atom(sbt.plugins.IvyPlugin)))
[debug] Clause(Atom(sbt.ScriptedPlugin),Set(Atom(sbt.plugins.JvmPlugin)))
[debug] Clause(Atom(sbt.plugins.SbtPlugin),Set(Atom(sbt.ScriptedPlugin)))
[debug] Clause(Atom(sbt.plugins.SemanticdbPlugin),Set(Atom(sbt.plugins.JvmPlugin)))
[debug] Clause(Atom(sbt.plugins.JUnitXmlReportPlugin),Set(Atom(sbt.plugins.JvmPlugin)))
[debug] Clause(Atom(sbt.plugins.MiniDependencyTreePlugin),Set(Atom(sbt.plugins.JvmPlugin)))
[debug] Clause(Atom(sbt.plugins.CorePlugin),Set(Atom(sbt.plugins.IvyPlugin)))
[debug] Clause(Atom(sbt.plugins.IvyPlugin),Set(Atom(sbt.plugins.JvmPlugin)))
[debug] Clause(Atom(sbt.plugins.JvmPlugin),Set(Atom(sbt.plugins.SemanticdbPlugin)))
[debug] Clause(Atom(sbt.plugins.JvmPlugin),Set(Atom(sbt.plugins.JUnitXmlReportPlugin)))
[debug] Clause(Atom(sbt.plugins.CorePlugin),Set(Atom(sbt.plugins.Giter8TemplatePlugin)))
[debug] Clause(Atom(sbt.plugins.JvmPlugin),Set(Atom(sbt.plugins.MiniDependencyTreePlugin))))
[debug]   :: deduced result: Matched(sbt.plugins.CorePlugin,sbt.plugins.Giter8TemplatePlugin,sbt.plugins.IvyPlugin,sbt.plugins.JvmPlugin,sbt.plugins.MiniDependencyTreePlugin,sbt.plugins.JUnitXmlReportPlugin,sbt.plugins.SemanticdbPlugin)
[debug] Plugins.deducer#function took 1.6603 ms
[info] loading settings for project opalexample-build from idea1.sbt...
[debug]               Load.resolveProject(opalexample-build) took 3.3172ms
[debug]             Load.loadTransitive: finalizeProject(Project(id opalexample-build, base: C:\Users\salaz\Desktop\OPALExample\project, plugins: List(<none>))) took 5.5321ms
[debug] [Loading] Done in C:\Users\salaz\Desktop\OPALExample\project, returning: (opalexample-build)
[debug]           Load.loadUnit: loadedProjectsRaw took 185.6485ms
[debug]           Load.loadUnit: cleanEvalClasses took 4.7563ms
[debug]         Load.loadUnit(file:/C:/Users/salaz/Desktop/OPALExample/project/, ...) took 216.2927ms
[debug]       Load.apply: load took 217.6875ms
[debug]       Load.apply: resolveProjects took 0.1035ms
[debug]       Load.apply: finalTransforms took 11.8845ms
[debug]       Load.apply: config.delegates took 0.5162ms
[debug]       Load.apply: Def.make(settings)... took 76.8739ms
[debug]       Load.apply: structureIndex took 33.1535ms
[debug]       Load.apply: mkStreams took 0.0026ms
[info] loading project definition from C:\Users\salaz\Desktop\OPALExample\project
[debug] Running task... Cancel: Signal, check cycles: false, forcegc: true
[debug]     Load.loadUnit: plugins took 1480.8941ms
[debug]     Load.loadUnit: defsScala took 0.003ms
[debug] [Loading] Scanning directory C:\Users\salaz\Desktop\OPALExample
[debug]       Load.loadUnit: mkEval took 0.2871ms
[debug] [Loading] Found root project root w/ remaining 
[debug] deducing auto plugins based on known facts Set(Atom(sbt.plugins.CorePlugin)) and clauses Clauses(Clause(Atom(sbt.plugins.JvmPlugin),Set(Atom(sbt.plugins.IvyPlugin)))
[debug] Clause(Atom(sbt.ScriptedPlugin),Set(Atom(sbt.plugins.JvmPlugin)))
[debug] Clause(Atom(sbt.plugins.SbtPlugin),Set(Atom(sbt.ScriptedPlugin)))
[debug] Clause(Atom(sbt.plugins.SemanticdbPlugin),Set(Atom(sbt.plugins.JvmPlugin)))
[debug] Clause(Atom(sbt.plugins.JUnitXmlReportPlugin),Set(Atom(sbt.plugins.JvmPlugin)))
[debug] Clause(Atom(sbt.plugins.MiniDependencyTreePlugin),Set(Atom(sbt.plugins.JvmPlugin)))
[debug] Clause(Atom(org.jetbrains.sbt.StructurePlugin),Set(Atom(sbt.plugins.JvmPlugin)))
[debug] Clause(Atom(org.jetbrains.sbt.IdeaShellPlugin),Set(Atom(sbt.plugins.JvmPlugin)))
[debug] Clause(Atom(sbt.plugins.CorePlugin),Set(Atom(sbt.plugins.IvyPlugin)))
[debug] Clause(Atom(sbt.plugins.IvyPlugin),Set(Atom(sbt.plugins.JvmPlugin)))
[debug] Clause(Atom(sbt.plugins.JvmPlugin),Set(Atom(sbt.plugins.SemanticdbPlugin)))
[debug] Clause(Atom(sbt.plugins.JvmPlugin),Set(Atom(sbt.plugins.JUnitXmlReportPlugin)))
[debug] Clause(Atom(sbt.plugins.CorePlugin),Set(Atom(sbt.plugins.Giter8TemplatePlugin)))
[debug] Clause(Atom(sbt.plugins.JvmPlugin),Set(Atom(sbt.plugins.MiniDependencyTreePlugin)))
[debug] Clause(Atom(sbt.plugins.JvmPlugin),Set(Atom(org.jetbrains.sbt.StructurePlugin)))
[debug] Clause(Atom(sbt.plugins.JvmPlugin),Set(Atom(org.jetbrains.sbt.IdeaShellPlugin))))
[debug]   :: deduced result: Matched(sbt.plugins.CorePlugin,sbt.plugins.Giter8TemplatePlugin,sbt.plugins.IvyPlugin,sbt.plugins.JvmPlugin,sbt.plugins.SemanticdbPlugin,sbt.plugins.JUnitXmlReportPlugin,org.jetbrains.sbt.IdeaShellPlugin,org.jetbrains.sbt.StructurePlugin,sbt.plugins.MiniDependencyTreePlugin)
[debug] Plugins.deducer#function took 3.2917 ms
[info] loading settings for project root from build.sbt...
[debug]         Load.resolveProject(root) took 130.211ms
[debug]       Load.loadTransitive: finalizeProject(Project(id root, base: C:\Users\salaz\Desktop\OPALExample, plugins: List(<none>))) took 137.4172ms
[debug] [Loading] Done in C:\Users\salaz\Desktop\OPALExample, returning: (root)
[debug]     Load.loadUnit: loadedProjectsRaw took 3332.3268ms
[debug]     Load.loadUnit: cleanEvalClasses took 54.9102ms
[debug]   Load.loadUnit(file:/C:/Users/salaz/Desktop/OPALExample/, ...) took 4869.7553ms
[debug] Load.apply: load took 4875.4815ms
[debug] Load.apply: resolveProjects took 0.1737ms
[debug] Load.apply: finalTransforms took 61.1328ms
[debug] Load.apply: config.delegates took 0.3523ms
[debug] Load.apply: Def.make(settings)... took 194.133ms
[debug] Load.apply: structureIndex took 56.4483ms
[debug] Load.apply: mkStreams took 0.0044ms
[info] set current project to OPALExample (in build file:/C:/Users/salaz/Desktop/OPALExample/)
[warn] there's a key that's not used by any other settings/tasks:
[warn]  
[warn] * ThisBuild / version
[warn]   +- C:\Users\salaz\Desktop\OPALExample\build.sbt:1
[warn]  
[warn] note: a setting might still be used by a command; to exclude a key from this `lintUnused` check
[warn] either append it to `Global / excludeLintKeys` or call .withRank(KeyRanks.Invisible) on the key
[debug] > Exec(sbtPopOnFailure, None, None)
[debug] > Exec(resumeFromFailure, None, None)
[debug] > Exec(notifyUsersAboutShell, None, None)
[debug] > Exec(iflast shell, None, None)
[debug] > Exec(idea-shell, None, None)
