[debug] > Exec(early(addDefaultCommands), None, None)
[debug] > Exec(addDefaultCommands, None, None)
[debug] > Exec(early(initialize), None, None)
[debug] > Exec(initialize, None, None)
[debug] > Exec(early(addPluginSbtFile="""C:\Users\salaz\AppData\Local\Temp\idea.sbt"""), None, None)
[debug] > Exec(addPluginSbtFile="""C:\Users\salaz\AppData\Local\Temp\idea.sbt""", None, None)
[debug] > Exec(boot, None, None)
[debug] > Exec(writeSbtVersion, None, None)
[debug] > Exec(reload, None, None)
[debug] > Exec(sbtStashOnFailure, None, None)
[debug] > Exec(onFailure loadFailed, None, None)
[debug] > Exec(loadp, None, None)
[info] welcome to sbt 1.10.7 (Oracle Corporation Java 11.0.1)
[debug]       Load.loadUnit: plugins took 127.8322ms
[debug]       Load.loadUnit: defsScala took 0.4553ms
[debug] [Loading] Scanning directory C:\Users\salaz\.sbt\1.0\plugins
[debug] [Loading] Found non-root projects 
[debug] [Loading] Done in C:\Users\salaz\.sbt\1.0\plugins, returning: ()
[debug] deducing auto plugins based on known facts Set(Atom(sbt.plugins.CorePlugin)) and clauses Clauses(Clause(Atom(sbt.plugins.JvmPlugin),Set(Atom(sbt.plugins.IvyPlugin)))
[debug] Clause(Atom(sbt.ScriptedPlugin),Set(Atom(sbt.plugins.JvmPlugin)))
[debug] Clause(Atom(sbt.plugins.SbtPlugin),Set(Atom(sbt.ScriptedPlugin)))
[debug] Clause(Atom(sbt.plugins.SemanticdbPlugin),Set(Atom(sbt.plugins.JvmPlugin)))
[debug] Clause(Atom(sbt.plugins.JUnitXmlReportPlugin),Set(Atom(sbt.plugins.JvmPlugin)))
[debug] Clause(Atom(sbt.plugins.MiniDependencyTreePlugin),Set(Atom(sbt.plugins.JvmPlugin)))
[debug] Clause(Atom(sbt.plugins.CorePlugin),Set(Atom(sbt.plugins.IvyPlugin)))
[debug] Clause(Atom(sbt.plugins.IvyPlugin),Set(Atom(sbt.plugins.JvmPlugin)))
[debug] Clause(Atom(sbt.plugins.JvmPlugin),Set(Atom(sbt.plugins.SemanticdbPlugin)))
[debug] Clause(Atom(sbt.plugins.JvmPlugin),Set(Atom(sbt.plugins.JUnitXmlReportPlugin)))
[debug] Clause(Atom(sbt.plugins.CorePlugin),Set(Atom(sbt.plugins.Giter8TemplatePlugin)))
[debug] Clause(Atom(sbt.plugins.JvmPlugin),Set(Atom(sbt.plugins.MiniDependencyTreePlugin))))
[debug]   :: deduced result: Matched(sbt.plugins.CorePlugin,sbt.plugins.Giter8TemplatePlugin,sbt.plugins.IvyPlugin,sbt.plugins.JvmPlugin,sbt.plugins.MiniDependencyTreePlugin,sbt.plugins.JUnitXmlReportPlugin,sbt.plugins.SemanticdbPlugin)
[debug] Plugins.deducer#function took 17.1497 ms
[debug]           Load.resolveProject(global-plugins) took 44.7579ms
[debug]         Load.loadTransitive: finalizeProject(Project(id global-plugins, base: C:\Users\salaz\.sbt\1.0\plugins, plugins: List(<none>))) took 89.7104ms
[debug] [Loading] Done in C:\Users\salaz\.sbt\1.0\plugins, returning: (global-plugins)
[debug]       Load.loadUnit: loadedProjectsRaw took 114.5877ms
[debug]       Load.loadUnit: cleanEvalClasses took 0.2083ms
[debug]     Load.loadUnit(file:/C:/Users/salaz/.sbt/1.0/plugins/, ...) took 252.9613ms
[debug]   Load.apply: load took 469.7972ms
[debug]   Load.apply: resolveProjects took 6.1448ms
[debug]   Load.apply: finalTransforms took 53.8654ms
[debug]   Load.apply: config.delegates took 6.5341ms
[debug]   Load.apply: Def.make(settings)... took 445.6342ms
[debug]   Load.apply: structureIndex took 100.2305ms
[debug]   Load.apply: mkStreams took 2.0073ms
[info] loading global plugins from C:\Users\salaz\.sbt\1.0\plugins
[debug] Running task... Cancel: Signal, check cycles: false, forcegc: true
[debug] Load.defaultLoad until apply took 2387.1351ms
[debug]           Load.loadUnit: plugins took 23.3446ms
[debug]           Load.loadUnit: defsScala took 0.0046ms
[debug] [Loading] Scanning directory C:\Users\salaz\Desktop\OPALExample\project
[debug]             Load.loadUnit: mkEval took 7.7325ms
[debug] [Loading] Found non-root projects 
[debug] [Loading] Done in C:\Users\salaz\Desktop\OPALExample\project, returning: ()
[debug] deducing auto plugins based on known facts Set(Atom(sbt.plugins.CorePlugin)) and clauses Clauses(Clause(Atom(sbt.plugins.JvmPlugin),Set(Atom(sbt.plugins.IvyPlugin)))
[debug] Clause(Atom(sbt.ScriptedPlugin),Set(Atom(sbt.plugins.JvmPlugin)))
[debug] Clause(Atom(sbt.plugins.SbtPlugin),Set(Atom(sbt.ScriptedPlugin)))
[debug] Clause(Atom(sbt.plugins.SemanticdbPlugin),Set(Atom(sbt.plugins.JvmPlugin)))
[debug] Clause(Atom(sbt.plugins.JUnitXmlReportPlugin),Set(Atom(sbt.plugins.JvmPlugin)))
[debug] Clause(Atom(sbt.plugins.MiniDependencyTreePlugin),Set(Atom(sbt.plugins.JvmPlugin)))
[debug] Clause(Atom(sbt.plugins.CorePlugin),Set(Atom(sbt.plugins.IvyPlugin)))
[debug] Clause(Atom(sbt.plugins.IvyPlugin),Set(Atom(sbt.plugins.JvmPlugin)))
[debug] Clause(Atom(sbt.plugins.JvmPlugin),Set(Atom(sbt.plugins.SemanticdbPlugin)))
[debug] Clause(Atom(sbt.plugins.JvmPlugin),Set(Atom(sbt.plugins.JUnitXmlReportPlugin)))
[debug] Clause(Atom(sbt.plugins.CorePlugin),Set(Atom(sbt.plugins.Giter8TemplatePlugin)))
[debug] Clause(Atom(sbt.plugins.JvmPlugin),Set(Atom(sbt.plugins.MiniDependencyTreePlugin))))
[debug]   :: deduced result: Matched(sbt.plugins.CorePlugin,sbt.plugins.Giter8TemplatePlugin,sbt.plugins.IvyPlugin,sbt.plugins.JvmPlugin,sbt.plugins.MiniDependencyTreePlugin,sbt.plugins.JUnitXmlReportPlugin,sbt.plugins.SemanticdbPlugin)
[debug] Plugins.deducer#function took 1.9219 ms
[info] loading settings for project opalexample-build from idea.sbt...
[debug]               Load.resolveProject(opalexample-build) took 6.2711ms
[debug]             Load.loadTransitive: finalizeProject(Project(id opalexample-build, base: C:\Users\salaz\Desktop\OPALExample\project, plugins: List(<none>))) took 8.6846ms
[debug] [Loading] Done in C:\Users\salaz\Desktop\OPALExample\project, returning: (opalexample-build)
[debug]           Load.loadUnit: loadedProjectsRaw took 148.8334ms
[debug]           Load.loadUnit: cleanEvalClasses took 3.1115ms
[debug]         Load.loadUnit(file:/C:/Users/salaz/Desktop/OPALExample/project/, ...) took 176.1232ms
[debug]       Load.apply: load took 177.6488ms
[debug]       Load.apply: resolveProjects took 0.1427ms
[debug]       Load.apply: finalTransforms took 10.5099ms
[debug]       Load.apply: config.delegates took 0.4303ms
[debug]       Load.apply: Def.make(settings)... took 81.5559ms
[debug]       Load.apply: structureIndex took 25.7891ms
[debug]       Load.apply: mkStreams took 0.0031ms
[info] loading project definition from C:\Users\salaz\Desktop\OPALExample\project
[debug] Running task... Cancel: Signal, check cycles: false, forcegc: true
[debug]     Load.loadUnit: plugins took 1408.2725ms
[debug]     Load.loadUnit: defsScala took 0.0032ms
[debug] [Loading] Scanning directory C:\Users\salaz\Desktop\OPALExample
[debug]       Load.loadUnit: mkEval took 0.3189ms
[debug] [Loading] Found root project root w/ remaining 
[debug] deducing auto plugins based on known facts Set(Atom(sbt.plugins.CorePlugin)) and clauses Clauses(Clause(Atom(sbt.plugins.JvmPlugin),Set(Atom(sbt.plugins.IvyPlugin)))
[debug] Clause(Atom(sbt.ScriptedPlugin),Set(Atom(sbt.plugins.JvmPlugin)))
[debug] Clause(Atom(sbt.plugins.SbtPlugin),Set(Atom(sbt.ScriptedPlugin)))
[debug] Clause(Atom(sbt.plugins.SemanticdbPlugin),Set(Atom(sbt.plugins.JvmPlugin)))
[debug] Clause(Atom(sbt.plugins.JUnitXmlReportPlugin),Set(Atom(sbt.plugins.JvmPlugin)))
[debug] Clause(Atom(sbt.plugins.MiniDependencyTreePlugin),Set(Atom(sbt.plugins.JvmPlugin)))
[debug] Clause(Atom(org.jetbrains.sbt.StructurePlugin),Set(Atom(sbt.plugins.JvmPlugin)))
[debug] Clause(Atom(org.jetbrains.sbt.IdeaShellPlugin),Set(Atom(sbt.plugins.JvmPlugin)))
[debug] Clause(Atom(sbt.plugins.CorePlugin),Set(Atom(sbt.plugins.IvyPlugin)))
[debug] Clause(Atom(sbt.plugins.IvyPlugin),Set(Atom(sbt.plugins.JvmPlugin)))
[debug] Clause(Atom(sbt.plugins.JvmPlugin),Set(Atom(sbt.plugins.SemanticdbPlugin)))
[debug] Clause(Atom(sbt.plugins.JvmPlugin),Set(Atom(sbt.plugins.JUnitXmlReportPlugin)))
[debug] Clause(Atom(sbt.plugins.CorePlugin),Set(Atom(sbt.plugins.Giter8TemplatePlugin)))
[debug] Clause(Atom(sbt.plugins.JvmPlugin),Set(Atom(sbt.plugins.MiniDependencyTreePlugin)))
[debug] Clause(Atom(sbt.plugins.JvmPlugin),Set(Atom(org.jetbrains.sbt.StructurePlugin)))
[debug] Clause(Atom(sbt.plugins.JvmPlugin),Set(Atom(org.jetbrains.sbt.IdeaShellPlugin))))
[debug]   :: deduced result: Matched(sbt.plugins.CorePlugin,sbt.plugins.Giter8TemplatePlugin,sbt.plugins.IvyPlugin,sbt.plugins.JvmPlugin,sbt.plugins.SemanticdbPlugin,sbt.plugins.JUnitXmlReportPlugin,org.jetbrains.sbt.IdeaShellPlugin,org.jetbrains.sbt.StructurePlugin,sbt.plugins.MiniDependencyTreePlugin)
[debug] Plugins.deducer#function took 4.1688 ms
[info] loading settings for project root from build.sbt...
[debug]         Load.resolveProject(root) took 48.9381ms
[debug]       Load.loadTransitive: finalizeProject(Project(id root, base: C:\Users\salaz\Desktop\OPALExample, plugins: List(<none>))) took 54.9511ms
[debug] [Loading] Done in C:\Users\salaz\Desktop\OPALExample, returning: (root)
[debug]     Load.loadUnit: loadedProjectsRaw took 2780.459ms
[debug]     Load.loadUnit: cleanEvalClasses took 16.2544ms
[debug]   Load.loadUnit(file:/C:/Users/salaz/Desktop/OPALExample/, ...) took 4205.5867ms
[debug] Load.apply: load took 4207.236ms
[debug] Load.apply: resolveProjects took 0.1356ms
[debug] Load.apply: finalTransforms took 28.458ms
[debug] Load.apply: config.delegates took 0.367ms
[debug] Load.apply: Def.make(settings)... took 87.2437ms
[debug] Load.apply: structureIndex took 23.0995ms
[debug] Load.apply: mkStreams took 0.0035ms
[info] set current project to OPALExample (in build file:/C:/Users/salaz/Desktop/OPALExample/)
[warn] there's a key that's not used by any other settings/tasks:
[warn]  
[warn] * ThisBuild / version
[warn]   +- C:\Users\salaz\Desktop\OPALExample\build.sbt:1
[warn]  
[warn] note: a setting might still be used by a command; to exclude a key from this `lintUnused` check
[warn] either append it to `Global / excludeLintKeys` or call .withRank(KeyRanks.Invisible) on the key
[debug] > Exec(sbtPopOnFailure, None, None)
[debug] > Exec(resumeFromFailure, None, None)
[debug] > Exec(notifyUsersAboutShell, None, None)
[debug] > Exec(iflast shell, None, None)
[debug] > Exec(idea-shell, None, None)
